c:\users\nadia\documents\github\milestones-nadianadeem\finalproject\finalproject\finalproject\release\vc142.pdb
c:\users\nadia\documents\github\milestones-nadianadeem\finalproject\finalproject\finalproject\release\main.obj
c:\users\nadia\documents\github\milestones-nadianadeem\finalproject\finalproject\finalproject\release\gameloop.obj
c:\users\nadia\documents\github\milestones-nadianadeem\finalproject\finalproject\finalproject\release\finalproject.pch
c:\users\nadia\documents\github\milestones-nadianadeem\finalproject\finalproject\finalproject\release\stdafx.obj
c:\users\nadia\documents\github\milestones-nadianadeem\finalproject\finalproject\finalproject\release\background.obj
c:\users\nadia\documents\github\milestones-nadianadeem\finalproject\finalproject\finalproject\release\buildings.obj
c:\users\nadia\documents\github\milestones-nadianadeem\finalproject\finalproject\finalproject\release\bulletmanager.obj
c:\users\nadia\documents\github\milestones-nadianadeem\finalproject\finalproject\finalproject\release\player.obj
c:\users\nadia\documents\github\milestones-nadianadeem\finalproject\finalproject\finalproject\release\soundplayer.obj
c:\users\nadia\documents\github\milestones-nadianadeem\finalproject\finalproject\finalproject\release\textrenderer.obj
c:\users\nadia\documents\github\milestones-nadianadeem\finalproject\finalproject\finalproject\release\tiledmap.obj
c:\users\nadia\documents\github\milestones-nadianadeem\finalproject\finalproject\finalproject\release\zombiespawner.obj
c:\users\nadia\documents\github\milestones-nadianadeem\finalproject\finalproject\release\finalproject.ipdb
c:\users\nadia\documents\github\milestones-nadianadeem\finalproject\finalproject\release\finalproject.iobj
c:\users\nadia\documents\github\milestones-nadianadeem\finalproject\finalproject\release\finalproject.exe
c:\users\nadia\documents\github\milestones-nadianadeem\finalproject\finalproject\release\finalproject.pdb
c:\users\nadia\documents\github\milestones-nadianadeem\finalproject\finalproject\finalproject\release\finalproject.tlog\cl.command.1.tlog
c:\users\nadia\documents\github\milestones-nadianadeem\finalproject\finalproject\finalproject\release\finalproject.tlog\cl.read.1.tlog
c:\users\nadia\documents\github\milestones-nadianadeem\finalproject\finalproject\finalproject\release\finalproject.tlog\cl.write.1.tlog
c:\users\nadia\documents\github\milestones-nadianadeem\finalproject\finalproject\finalproject\release\finalproject.tlog\finalproject.write.1u.tlog
c:\users\nadia\documents\github\milestones-nadianadeem\finalproject\finalproject\finalproject\release\finalproject.tlog\link.command.1.tlog
c:\users\nadia\documents\github\milestones-nadianadeem\finalproject\finalproject\finalproject\release\finalproject.tlog\link.read.1.tlog
c:\users\nadia\documents\github\milestones-nadianadeem\finalproject\finalproject\finalproject\release\finalproject.tlog\link.write.1.tlog
