c:\users\nadia\documents\github\milestones-nadianadeem\finalproject\finalproject\finalproject\debug\vc142.pdb
c:\users\nadia\documents\github\milestones-nadianadeem\finalproject\finalproject\finalproject\debug\vc142.idb
c:\users\nadia\documents\github\milestones-nadianadeem\finalproject\finalproject\finalproject\debug\main.obj
c:\users\nadia\documents\github\milestones-nadianadeem\finalproject\finalproject\finalproject\debug\gameloop.obj
c:\users\nadia\documents\github\milestones-nadianadeem\finalproject\finalproject\finalproject\debug\finalproject.pch
c:\users\nadia\documents\github\milestones-nadianadeem\finalproject\finalproject\finalproject\debug\stdafx.obj
c:\users\nadia\documents\github\milestones-nadianadeem\finalproject\finalproject\finalproject\debug\zombiespawner.obj
c:\users\nadia\documents\github\milestones-nadianadeem\finalproject\finalproject\finalproject\debug\tiledmap.obj
c:\users\nadia\documents\github\milestones-nadianadeem\finalproject\finalproject\finalproject\debug\textrenderer.obj
c:\users\nadia\documents\github\milestones-nadianadeem\finalproject\finalproject\finalproject\debug\player.obj
c:\users\nadia\documents\github\milestones-nadianadeem\finalproject\finalproject\finalproject\debug\bulletmanager.obj
c:\users\nadia\documents\github\milestones-nadianadeem\finalproject\finalproject\finalproject\debug\buildings.obj
c:\users\nadia\documents\github\milestones-nadianadeem\finalproject\finalproject\finalproject\debug\background.obj
c:\users\nadia\documents\github\milestones-nadianadeem\finalproject\finalproject\finalproject\debug\soundplayer.obj
c:\users\nadia\documents\github\milestones-nadianadeem\finalproject\finalproject\debug\finalproject.exe
c:\users\nadia\documents\github\milestones-nadianadeem\finalproject\finalproject\debug\finalproject.ilk
c:\users\nadia\documents\github\milestones-nadianadeem\finalproject\finalproject\debug\finalproject.pdb
c:\users\nadia\documents\github\milestones-nadianadeem\finalproject\finalproject\finalproject\debug\finalproject.tlog\cl.command.1.tlog
c:\users\nadia\documents\github\milestones-nadianadeem\finalproject\finalproject\finalproject\debug\finalproject.tlog\cl.read.1.tlog
c:\users\nadia\documents\github\milestones-nadianadeem\finalproject\finalproject\finalproject\debug\finalproject.tlog\cl.write.1.tlog
c:\users\nadia\documents\github\milestones-nadianadeem\finalproject\finalproject\finalproject\debug\finalproject.tlog\link.command.1.tlog
c:\users\nadia\documents\github\milestones-nadianadeem\finalproject\finalproject\finalproject\debug\finalproject.tlog\link.read.1.tlog
c:\users\nadia\documents\github\milestones-nadianadeem\finalproject\finalproject\finalproject\debug\finalproject.tlog\link.write.1.tlog
